[2021-05-26 04:19:39] production.ERROR: Call to undefined function pg_connect() {"exception":"[object] (Error(code: 0): Call to undefined function pg_connect() at C:\\Users\\metal\\OneDrive\\Documentos\\EMI\\5to Semestre\\Analisis y Diseño de Sistemas\\Proyecto\\gatocorp_api\outes\\web.php:25)
[stacktrace]
#0 C:\\Users\\metal\\OneDrive\\Documentos\\EMI\\5to Semestre\\Analisis y Diseño de Sistemas\\Proyecto\\gatocorp_api\\vendor\\illuminate\\container\\BoundMethod.php(36): Closure->{closure}()
#1 C:\\Users\\metal\\OneDrive\\Documentos\\EMI\\5to Semestre\\Analisis y Diseño de Sistemas\\Proyecto\\gatocorp_api\\vendor\\illuminate\\container\\Util.php(40): Illuminate\\Container\\BoundMethod::Illuminate\\Container\\{closure}()
#2 C:\\Users\\metal\\OneDrive\\Documentos\\EMI\\5to Semestre\\Analisis y Diseño de Sistemas\\Proyecto\\gatocorp_api\\vendor\\illuminate\\container\\BoundMethod.php(81): Illuminate\\Container\\Util::unwrapIfClosure(Object(Closure))
#3 C:\\Users\\metal\\OneDrive\\Documentos\\EMI\\5to Semestre\\Analisis y Diseño de Sistemas\\Proyecto\\gatocorp_api\\vendor\\illuminate\\container\\BoundMethod.php(37): Illuminate\\Container\\BoundMethod::callBoundMethod(Object(Laravel\\Lumen\\Application), Object(Closure), Object(Closure))
#4 C:\\Users\\metal\\OneDrive\\Documentos\\EMI\\5to Semestre\\Analisis y Diseño de Sistemas\\Proyecto\\gatocorp_api\\vendor\\illuminate\\container\\Container.php(614): Illuminate\\Container\\BoundMethod::call(Object(Laravel\\Lumen\\Application), Object(Closure), Array, NULL)
#5 C:\\Users\\metal\\OneDrive\\Documentos\\EMI\\5to Semestre\\Analisis y Diseño de Sistemas\\Proyecto\\gatocorp_api\\vendor\\laravel\\lumen-framework\\src\\Concerns\\RoutesRequests.php(299): Illuminate\\Container\\Container->call(Object(Closure), Array)
#6 C:\\Users\\metal\\OneDrive\\Documentos\\EMI\\5to Semestre\\Analisis y Diseño de Sistemas\\Proyecto\\gatocorp_api\\vendor\\laravel\\lumen-framework\\src\\Concerns\\RoutesRequests.php(264): Laravel\\Lumen\\Application->callActionOnArrayBasedRoute(Array)
#7 C:\\Users\\metal\\OneDrive\\Documentos\\EMI\\5to Semestre\\Analisis y Diseño de Sistemas\\Proyecto\\gatocorp_api\\vendor\\laravel\\lumen-framework\\src\\Concerns\\RoutesRequests.php(166): Laravel\\Lumen\\Application->handleFoundRoute(Array)
#8 C:\\Users\\metal\\OneDrive\\Documentos\\EMI\\5to Semestre\\Analisis y Diseño de Sistemas\\Proyecto\\gatocorp_api\\vendor\\laravel\\lumen-framework\\src\\Concerns\\RoutesRequests.php(426): Laravel\\Lumen\\Application->Laravel\\Lumen\\Concerns\\{closure}(Object(Laravel\\Lumen\\Http\\Request))
#9 C:\\Users\\metal\\OneDrive\\Documentos\\EMI\\5to Semestre\\Analisis y Diseño de Sistemas\\Proyecto\\gatocorp_api\\vendor\\laravel\\lumen-framework\\src\\Concerns\\RoutesRequests.php(172): Laravel\\Lumen\\Application->sendThroughPipeline(Array, Object(Closure))
#10 C:\\Users\\metal\\OneDrive\\Documentos\\EMI\\5to Semestre\\Analisis y Diseño de Sistemas\\Proyecto\\gatocorp_api\\vendor\\laravel\\lumen-framework\\src\\Concerns\\RoutesRequests.php(109): Laravel\\Lumen\\Application->dispatch(NULL)
#11 C:\\Users\\metal\\OneDrive\\Documentos\\EMI\\5to Semestre\\Analisis y Diseño de Sistemas\\Proyecto\\gatocorp_api\\public\\index.php(28): Laravel\\Lumen\\Application->run()
#12 {main}
"} 
[2021-05-26 04:20:06] production.ERROR: Call to undefined function pg_connect() {"exception":"[object] (Error(code: 0): Call to undefined function pg_connect() at C:\\Users\\metal\\OneDrive\\Documentos\\EMI\\5to Semestre\\Analisis y Diseño de Sistemas\\Proyecto\\gatocorp_api\outes\\web.php:25)
[stacktrace]
#0 C:\\Users\\metal\\OneDrive\\Documentos\\EMI\\5to Semestre\\Analisis y Diseño de Sistemas\\Proyecto\\gatocorp_api\\vendor\\illuminate\\container\\BoundMethod.php(36): Closure->{closure}()
#1 C:\\Users\\metal\\OneDrive\\Documentos\\EMI\\5to Semestre\\Analisis y Diseño de Sistemas\\Proyecto\\gatocorp_api\\vendor\\illuminate\\container\\Util.php(40): Illuminate\\Container\\BoundMethod::Illuminate\\Container\\{closure}()
#2 C:\\Users\\metal\\OneDrive\\Documentos\\EMI\\5to Semestre\\Analisis y Diseño de Sistemas\\Proyecto\\gatocorp_api\\vendor\\illuminate\\container\\BoundMethod.php(81): Illuminate\\Container\\Util::unwrapIfClosure(Object(Closure))
#3 C:\\Users\\metal\\OneDrive\\Documentos\\EMI\\5to Semestre\\Analisis y Diseño de Sistemas\\Proyecto\\gatocorp_api\\vendor\\illuminate\\container\\BoundMethod.php(37): Illuminate\\Container\\BoundMethod::callBoundMethod(Object(Laravel\\Lumen\\Application), Object(Closure), Object(Closure))
#4 C:\\Users\\metal\\OneDrive\\Documentos\\EMI\\5to Semestre\\Analisis y Diseño de Sistemas\\Proyecto\\gatocorp_api\\vendor\\illuminate\\container\\Container.php(614): Illuminate\\Container\\BoundMethod::call(Object(Laravel\\Lumen\\Application), Object(Closure), Array, NULL)
#5 C:\\Users\\metal\\OneDrive\\Documentos\\EMI\\5to Semestre\\Analisis y Diseño de Sistemas\\Proyecto\\gatocorp_api\\vendor\\laravel\\lumen-framework\\src\\Concerns\\RoutesRequests.php(299): Illuminate\\Container\\Container->call(Object(Closure), Array)
#6 C:\\Users\\metal\\OneDrive\\Documentos\\EMI\\5to Semestre\\Analisis y Diseño de Sistemas\\Proyecto\\gatocorp_api\\vendor\\laravel\\lumen-framework\\src\\Concerns\\RoutesRequests.php(264): Laravel\\Lumen\\Application->callActionOnArrayBasedRoute(Array)
#7 C:\\Users\\metal\\OneDrive\\Documentos\\EMI\\5to Semestre\\Analisis y Diseño de Sistemas\\Proyecto\\gatocorp_api\\vendor\\laravel\\lumen-framework\\src\\Concerns\\RoutesRequests.php(166): Laravel\\Lumen\\Application->handleFoundRoute(Array)
#8 C:\\Users\\metal\\OneDrive\\Documentos\\EMI\\5to Semestre\\Analisis y Diseño de Sistemas\\Proyecto\\gatocorp_api\\vendor\\laravel\\lumen-framework\\src\\Concerns\\RoutesRequests.php(426): Laravel\\Lumen\\Application->Laravel\\Lumen\\Concerns\\{closure}(Object(Laravel\\Lumen\\Http\\Request))
#9 C:\\Users\\metal\\OneDrive\\Documentos\\EMI\\5to Semestre\\Analisis y Diseño de Sistemas\\Proyecto\\gatocorp_api\\vendor\\laravel\\lumen-framework\\src\\Concerns\\RoutesRequests.php(172): Laravel\\Lumen\\Application->sendThroughPipeline(Array, Object(Closure))
#10 C:\\Users\\metal\\OneDrive\\Documentos\\EMI\\5to Semestre\\Analisis y Diseño de Sistemas\\Proyecto\\gatocorp_api\\vendor\\laravel\\lumen-framework\\src\\Concerns\\RoutesRequests.php(109): Laravel\\Lumen\\Application->dispatch(NULL)
#11 C:\\Users\\metal\\OneDrive\\Documentos\\EMI\\5to Semestre\\Analisis y Diseño de Sistemas\\Proyecto\\gatocorp_api\\public\\index.php(28): Laravel\\Lumen\\Application->run()
#12 {main}
"} 
[2021-05-26 04:20:31] production.ERROR: Call to undefined function pg_connect() {"exception":"[object] (Error(code: 0): Call to undefined function pg_connect() at C:\\Users\\metal\\OneDrive\\Documentos\\EMI\\5to Semestre\\Analisis y Diseño de Sistemas\\Proyecto\\gatocorp_api\outes\\web.php:25)
[stacktrace]
#0 C:\\Users\\metal\\OneDrive\\Documentos\\EMI\\5to Semestre\\Analisis y Diseño de Sistemas\\Proyecto\\gatocorp_api\\vendor\\illuminate\\container\\BoundMethod.php(36): Closure->{closure}()
#1 C:\\Users\\metal\\OneDrive\\Documentos\\EMI\\5to Semestre\\Analisis y Diseño de Sistemas\\Proyecto\\gatocorp_api\\vendor\\illuminate\\container\\Util.php(40): Illuminate\\Container\\BoundMethod::Illuminate\\Container\\{closure}()
#2 C:\\Users\\metal\\OneDrive\\Documentos\\EMI\\5to Semestre\\Analisis y Diseño de Sistemas\\Proyecto\\gatocorp_api\\vendor\\illuminate\\container\\BoundMethod.php(81): Illuminate\\Container\\Util::unwrapIfClosure(Object(Closure))
#3 C:\\Users\\metal\\OneDrive\\Documentos\\EMI\\5to Semestre\\Analisis y Diseño de Sistemas\\Proyecto\\gatocorp_api\\vendor\\illuminate\\container\\BoundMethod.php(37): Illuminate\\Container\\BoundMethod::callBoundMethod(Object(Laravel\\Lumen\\Application), Object(Closure), Object(Closure))
#4 C:\\Users\\metal\\OneDrive\\Documentos\\EMI\\5to Semestre\\Analisis y Diseño de Sistemas\\Proyecto\\gatocorp_api\\vendor\\illuminate\\container\\Container.php(614): Illuminate\\Container\\BoundMethod::call(Object(Laravel\\Lumen\\Application), Object(Closure), Array, NULL)
#5 C:\\Users\\metal\\OneDrive\\Documentos\\EMI\\5to Semestre\\Analisis y Diseño de Sistemas\\Proyecto\\gatocorp_api\\vendor\\laravel\\lumen-framework\\src\\Concerns\\RoutesRequests.php(299): Illuminate\\Container\\Container->call(Object(Closure), Array)
#6 C:\\Users\\metal\\OneDrive\\Documentos\\EMI\\5to Semestre\\Analisis y Diseño de Sistemas\\Proyecto\\gatocorp_api\\vendor\\laravel\\lumen-framework\\src\\Concerns\\RoutesRequests.php(264): Laravel\\Lumen\\Application->callActionOnArrayBasedRoute(Array)
#7 C:\\Users\\metal\\OneDrive\\Documentos\\EMI\\5to Semestre\\Analisis y Diseño de Sistemas\\Proyecto\\gatocorp_api\\vendor\\laravel\\lumen-framework\\src\\Concerns\\RoutesRequests.php(166): Laravel\\Lumen\\Application->handleFoundRoute(Array)
#8 C:\\Users\\metal\\OneDrive\\Documentos\\EMI\\5to Semestre\\Analisis y Diseño de Sistemas\\Proyecto\\gatocorp_api\\vendor\\laravel\\lumen-framework\\src\\Concerns\\RoutesRequests.php(426): Laravel\\Lumen\\Application->Laravel\\Lumen\\Concerns\\{closure}(Object(Laravel\\Lumen\\Http\\Request))
#9 C:\\Users\\metal\\OneDrive\\Documentos\\EMI\\5to Semestre\\Analisis y Diseño de Sistemas\\Proyecto\\gatocorp_api\\vendor\\laravel\\lumen-framework\\src\\Concerns\\RoutesRequests.php(172): Laravel\\Lumen\\Application->sendThroughPipeline(Array, Object(Closure))
#10 C:\\Users\\metal\\OneDrive\\Documentos\\EMI\\5to Semestre\\Analisis y Diseño de Sistemas\\Proyecto\\gatocorp_api\\vendor\\laravel\\lumen-framework\\src\\Concerns\\RoutesRequests.php(109): Laravel\\Lumen\\Application->dispatch(NULL)
#11 C:\\Users\\metal\\OneDrive\\Documentos\\EMI\\5to Semestre\\Analisis y Diseño de Sistemas\\Proyecto\\gatocorp_api\\public\\index.php(28): Laravel\\Lumen\\Application->run()
#12 {main}
"} 
[2021-05-26 04:20:43] production.ERROR: Call to undefined function pg_connect() {"exception":"[object] (Error(code: 0): Call to undefined function pg_connect() at C:\\Users\\metal\\OneDrive\\Documentos\\EMI\\5to Semestre\\Analisis y Diseño de Sistemas\\Proyecto\\gatocorp_api\outes\\web.php:25)
[stacktrace]
#0 C:\\Users\\metal\\OneDrive\\Documentos\\EMI\\5to Semestre\\Analisis y Diseño de Sistemas\\Proyecto\\gatocorp_api\\vendor\\illuminate\\container\\BoundMethod.php(36): Closure->{closure}()
#1 C:\\Users\\metal\\OneDrive\\Documentos\\EMI\\5to Semestre\\Analisis y Diseño de Sistemas\\Proyecto\\gatocorp_api\\vendor\\illuminate\\container\\Util.php(40): Illuminate\\Container\\BoundMethod::Illuminate\\Container\\{closure}()
#2 C:\\Users\\metal\\OneDrive\\Documentos\\EMI\\5to Semestre\\Analisis y Diseño de Sistemas\\Proyecto\\gatocorp_api\\vendor\\illuminate\\container\\BoundMethod.php(81): Illuminate\\Container\\Util::unwrapIfClosure(Object(Closure))
#3 C:\\Users\\metal\\OneDrive\\Documentos\\EMI\\5to Semestre\\Analisis y Diseño de Sistemas\\Proyecto\\gatocorp_api\\vendor\\illuminate\\container\\BoundMethod.php(37): Illuminate\\Container\\BoundMethod::callBoundMethod(Object(Laravel\\Lumen\\Application), Object(Closure), Object(Closure))
#4 C:\\Users\\metal\\OneDrive\\Documentos\\EMI\\5to Semestre\\Analisis y Diseño de Sistemas\\Proyecto\\gatocorp_api\\vendor\\illuminate\\container\\Container.php(614): Illuminate\\Container\\BoundMethod::call(Object(Laravel\\Lumen\\Application), Object(Closure), Array, NULL)
#5 C:\\Users\\metal\\OneDrive\\Documentos\\EMI\\5to Semestre\\Analisis y Diseño de Sistemas\\Proyecto\\gatocorp_api\\vendor\\laravel\\lumen-framework\\src\\Concerns\\RoutesRequests.php(299): Illuminate\\Container\\Container->call(Object(Closure), Array)
#6 C:\\Users\\metal\\OneDrive\\Documentos\\EMI\\5to Semestre\\Analisis y Diseño de Sistemas\\Proyecto\\gatocorp_api\\vendor\\laravel\\lumen-framework\\src\\Concerns\\RoutesRequests.php(264): Laravel\\Lumen\\Application->callActionOnArrayBasedRoute(Array)
#7 C:\\Users\\metal\\OneDrive\\Documentos\\EMI\\5to Semestre\\Analisis y Diseño de Sistemas\\Proyecto\\gatocorp_api\\vendor\\laravel\\lumen-framework\\src\\Concerns\\RoutesRequests.php(166): Laravel\\Lumen\\Application->handleFoundRoute(Array)
#8 C:\\Users\\metal\\OneDrive\\Documentos\\EMI\\5to Semestre\\Analisis y Diseño de Sistemas\\Proyecto\\gatocorp_api\\vendor\\laravel\\lumen-framework\\src\\Concerns\\RoutesRequests.php(426): Laravel\\Lumen\\Application->Laravel\\Lumen\\Concerns\\{closure}(Object(Laravel\\Lumen\\Http\\Request))
#9 C:\\Users\\metal\\OneDrive\\Documentos\\EMI\\5to Semestre\\Analisis y Diseño de Sistemas\\Proyecto\\gatocorp_api\\vendor\\laravel\\lumen-framework\\src\\Concerns\\RoutesRequests.php(172): Laravel\\Lumen\\Application->sendThroughPipeline(Array, Object(Closure))
#10 C:\\Users\\metal\\OneDrive\\Documentos\\EMI\\5to Semestre\\Analisis y Diseño de Sistemas\\Proyecto\\gatocorp_api\\vendor\\laravel\\lumen-framework\\src\\Concerns\\RoutesRequests.php(109): Laravel\\Lumen\\Application->dispatch(NULL)
#11 C:\\Users\\metal\\OneDrive\\Documentos\\EMI\\5to Semestre\\Analisis y Diseño de Sistemas\\Proyecto\\gatocorp_api\\public\\index.php(28): Laravel\\Lumen\\Application->run()
#12 {main}
"} 
[2021-05-26 04:22:35] production.ERROR: Call to undefined function pg_connect() {"exception":"[object] (Error(code: 0): Call to undefined function pg_connect() at C:\\Users\\metal\\OneDrive\\Documentos\\EMI\\5to Semestre\\Analisis y Diseño de Sistemas\\Proyecto\\gatocorp_api\outes\\web.php:25)
[stacktrace]
#0 C:\\Users\\metal\\OneDrive\\Documentos\\EMI\\5to Semestre\\Analisis y Diseño de Sistemas\\Proyecto\\gatocorp_api\\vendor\\illuminate\\container\\BoundMethod.php(36): Closure->{closure}()
#1 C:\\Users\\metal\\OneDrive\\Documentos\\EMI\\5to Semestre\\Analisis y Diseño de Sistemas\\Proyecto\\gatocorp_api\\vendor\\illuminate\\container\\Util.php(40): Illuminate\\Container\\BoundMethod::Illuminate\\Container\\{closure}()
#2 C:\\Users\\metal\\OneDrive\\Documentos\\EMI\\5to Semestre\\Analisis y Diseño de Sistemas\\Proyecto\\gatocorp_api\\vendor\\illuminate\\container\\BoundMethod.php(81): Illuminate\\Container\\Util::unwrapIfClosure(Object(Closure))
#3 C:\\Users\\metal\\OneDrive\\Documentos\\EMI\\5to Semestre\\Analisis y Diseño de Sistemas\\Proyecto\\gatocorp_api\\vendor\\illuminate\\container\\BoundMethod.php(37): Illuminate\\Container\\BoundMethod::callBoundMethod(Object(Laravel\\Lumen\\Application), Object(Closure), Object(Closure))
#4 C:\\Users\\metal\\OneDrive\\Documentos\\EMI\\5to Semestre\\Analisis y Diseño de Sistemas\\Proyecto\\gatocorp_api\\vendor\\illuminate\\container\\Container.php(614): Illuminate\\Container\\BoundMethod::call(Object(Laravel\\Lumen\\Application), Object(Closure), Array, NULL)
#5 C:\\Users\\metal\\OneDrive\\Documentos\\EMI\\5to Semestre\\Analisis y Diseño de Sistemas\\Proyecto\\gatocorp_api\\vendor\\laravel\\lumen-framework\\src\\Concerns\\RoutesRequests.php(299): Illuminate\\Container\\Container->call(Object(Closure), Array)
#6 C:\\Users\\metal\\OneDrive\\Documentos\\EMI\\5to Semestre\\Analisis y Diseño de Sistemas\\Proyecto\\gatocorp_api\\vendor\\laravel\\lumen-framework\\src\\Concerns\\RoutesRequests.php(264): Laravel\\Lumen\\Application->callActionOnArrayBasedRoute(Array)
#7 C:\\Users\\metal\\OneDrive\\Documentos\\EMI\\5to Semestre\\Analisis y Diseño de Sistemas\\Proyecto\\gatocorp_api\\vendor\\laravel\\lumen-framework\\src\\Concerns\\RoutesRequests.php(166): Laravel\\Lumen\\Application->handleFoundRoute(Array)
#8 C:\\Users\\metal\\OneDrive\\Documentos\\EMI\\5to Semestre\\Analisis y Diseño de Sistemas\\Proyecto\\gatocorp_api\\vendor\\laravel\\lumen-framework\\src\\Concerns\\RoutesRequests.php(426): Laravel\\Lumen\\Application->Laravel\\Lumen\\Concerns\\{closure}(Object(Laravel\\Lumen\\Http\\Request))
#9 C:\\Users\\metal\\OneDrive\\Documentos\\EMI\\5to Semestre\\Analisis y Diseño de Sistemas\\Proyecto\\gatocorp_api\\vendor\\laravel\\lumen-framework\\src\\Concerns\\RoutesRequests.php(172): Laravel\\Lumen\\Application->sendThroughPipeline(Array, Object(Closure))
#10 C:\\Users\\metal\\OneDrive\\Documentos\\EMI\\5to Semestre\\Analisis y Diseño de Sistemas\\Proyecto\\gatocorp_api\\vendor\\laravel\\lumen-framework\\src\\Concerns\\RoutesRequests.php(109): Laravel\\Lumen\\Application->dispatch(NULL)
#11 C:\\Users\\metal\\OneDrive\\Documentos\\EMI\\5to Semestre\\Analisis y Diseño de Sistemas\\Proyecto\\gatocorp_api\\public\\index.php(28): Laravel\\Lumen\\Application->run()
#12 {main}
"} 
[2021-05-26 04:32:05] production.ERROR: Call to undefined function pg_connect() {"exception":"[object] (Error(code: 0): Call to undefined function pg_connect() at C:\\Users\\metal\\OneDrive\\Documentos\\EMI\\5to Semestre\\Analisis y Diseño de Sistemas\\Proyecto\\gatocorp_api\outes\\web.php:25)
[stacktrace]
#0 C:\\Users\\metal\\OneDrive\\Documentos\\EMI\\5to Semestre\\Analisis y Diseño de Sistemas\\Proyecto\\gatocorp_api\\vendor\\illuminate\\container\\BoundMethod.php(36): Closure->{closure}()
#1 C:\\Users\\metal\\OneDrive\\Documentos\\EMI\\5to Semestre\\Analisis y Diseño de Sistemas\\Proyecto\\gatocorp_api\\vendor\\illuminate\\container\\Util.php(40): Illuminate\\Container\\BoundMethod::Illuminate\\Container\\{closure}()
#2 C:\\Users\\metal\\OneDrive\\Documentos\\EMI\\5to Semestre\\Analisis y Diseño de Sistemas\\Proyecto\\gatocorp_api\\vendor\\illuminate\\container\\BoundMethod.php(81): Illuminate\\Container\\Util::unwrapIfClosure(Object(Closure))
#3 C:\\Users\\metal\\OneDrive\\Documentos\\EMI\\5to Semestre\\Analisis y Diseño de Sistemas\\Proyecto\\gatocorp_api\\vendor\\illuminate\\container\\BoundMethod.php(37): Illuminate\\Container\\BoundMethod::callBoundMethod(Object(Laravel\\Lumen\\Application), Object(Closure), Object(Closure))
#4 C:\\Users\\metal\\OneDrive\\Documentos\\EMI\\5to Semestre\\Analisis y Diseño de Sistemas\\Proyecto\\gatocorp_api\\vendor\\illuminate\\container\\Container.php(614): Illuminate\\Container\\BoundMethod::call(Object(Laravel\\Lumen\\Application), Object(Closure), Array, NULL)
#5 C:\\Users\\metal\\OneDrive\\Documentos\\EMI\\5to Semestre\\Analisis y Diseño de Sistemas\\Proyecto\\gatocorp_api\\vendor\\laravel\\lumen-framework\\src\\Concerns\\RoutesRequests.php(299): Illuminate\\Container\\Container->call(Object(Closure), Array)
#6 C:\\Users\\metal\\OneDrive\\Documentos\\EMI\\5to Semestre\\Analisis y Diseño de Sistemas\\Proyecto\\gatocorp_api\\vendor\\laravel\\lumen-framework\\src\\Concerns\\RoutesRequests.php(264): Laravel\\Lumen\\Application->callActionOnArrayBasedRoute(Array)
#7 C:\\Users\\metal\\OneDrive\\Documentos\\EMI\\5to Semestre\\Analisis y Diseño de Sistemas\\Proyecto\\gatocorp_api\\vendor\\laravel\\lumen-framework\\src\\Concerns\\RoutesRequests.php(166): Laravel\\Lumen\\Application->handleFoundRoute(Array)
#8 C:\\Users\\metal\\OneDrive\\Documentos\\EMI\\5to Semestre\\Analisis y Diseño de Sistemas\\Proyecto\\gatocorp_api\\vendor\\laravel\\lumen-framework\\src\\Concerns\\RoutesRequests.php(426): Laravel\\Lumen\\Application->Laravel\\Lumen\\Concerns\\{closure}(Object(Laravel\\Lumen\\Http\\Request))
#9 C:\\Users\\metal\\OneDrive\\Documentos\\EMI\\5to Semestre\\Analisis y Diseño de Sistemas\\Proyecto\\gatocorp_api\\vendor\\laravel\\lumen-framework\\src\\Concerns\\RoutesRequests.php(172): Laravel\\Lumen\\Application->sendThroughPipeline(Array, Object(Closure))
#10 C:\\Users\\metal\\OneDrive\\Documentos\\EMI\\5to Semestre\\Analisis y Diseño de Sistemas\\Proyecto\\gatocorp_api\\vendor\\laravel\\lumen-framework\\src\\Concerns\\RoutesRequests.php(109): Laravel\\Lumen\\Application->dispatch(NULL)
#11 C:\\Users\\metal\\OneDrive\\Documentos\\EMI\\5to Semestre\\Analisis y Diseño de Sistemas\\Proyecto\\gatocorp_api\\public\\index.php(28): Laravel\\Lumen\\Application->run()
#12 {main}
"} 
